c:\users\winmo\documents\github\zbpgprahs\projekt\debug\vc140.pdb
c:\users\winmo\documents\github\zbpgprahs\projekt\debug\projekt.obj
c:\users\winmo\documents\github\zbpgprahs\projekt\debug\johnsonnormal.obj
c:\users\winmo\documents\github\zbpgprahs\projekt\debug\johnsonboost.obj
c:\users\winmo\documents\github\zbpgprahs\projekt\debug\graph.obj
c:\users\winmo\documents\github\zbpgprahs\projekt\debug\floydwarshallnormal.obj
c:\users\winmo\documents\github\zbpgprahs\projekt\debug\floydwarshallboost.obj
c:\users\winmo\documents\github\zbpgprahs\projekt\debug\exploration.obj
c:\users\winmo\documents\github\zbpgprahs\projekt\debug\dijkstranormal.obj
c:\users\winmo\documents\github\zbpgprahs\projekt\debug\dijkstraboost.obj
c:\users\winmo\documents\github\zbpgprahs\projekt\debug\dfsnormal.obj
c:\users\winmo\documents\github\zbpgprahs\projekt\debug\dfsboost.obj
c:\users\winmo\documents\github\zbpgprahs\projekt\debug\dataexp.obj
c:\users\winmo\documents\github\zbpgprahs\projekt\debug\bfsnormal.obj
c:\users\winmo\documents\github\zbpgprahs\projekt\debug\bfsboost.obj
c:\users\winmo\documents\github\zbpgprahs\projekt\debug\bellmanfordnormal.obj
c:\users\winmo\documents\github\zbpgprahs\projekt\debug\bellmanfordboost.obj
c:\users\winmo\documents\github\zbpgprahs\projekt\debug\beginexploration.obj
c:\users\winmo\documents\github\zbpgprahs\debug\projekt.ilk
c:\users\winmo\documents\github\zbpgprahs\debug\projekt.exe
c:\users\winmo\documents\github\zbpgprahs\debug\projekt.pdb
c:\users\winmo\documents\github\zbpgprahs\projekt\debug\projekt.tlog\cl.command.1.tlog
c:\users\winmo\documents\github\zbpgprahs\projekt\debug\projekt.tlog\cl.read.1.tlog
c:\users\winmo\documents\github\zbpgprahs\projekt\debug\projekt.tlog\cl.write.1.tlog
c:\users\winmo\documents\github\zbpgprahs\projekt\debug\projekt.tlog\link.command.1.tlog
c:\users\winmo\documents\github\zbpgprahs\projekt\debug\projekt.tlog\link.read.1.tlog
c:\users\winmo\documents\github\zbpgprahs\projekt\debug\projekt.tlog\link.write.1.tlog
