c:\users\winmo\documents\github\zbpgprahs\projekt\release\vc140.pdb
c:\users\winmo\documents\github\zbpgprahs\projekt\release\vc140.idb
c:\users\winmo\documents\github\zbpgprahs\projekt\release\projekt.obj
c:\users\winmo\documents\github\zbpgprahs\projekt\release\beginexploration.obj
c:\users\winmo\documents\github\zbpgprahs\projekt\release\bellmanfordboost.obj
c:\users\winmo\documents\github\zbpgprahs\projekt\release\bellmanfordnormal.obj
c:\users\winmo\documents\github\zbpgprahs\projekt\release\bfsboost.obj
c:\users\winmo\documents\github\zbpgprahs\projekt\release\bfsnormal.obj
c:\users\winmo\documents\github\zbpgprahs\projekt\release\dataexp.obj
c:\users\winmo\documents\github\zbpgprahs\projekt\release\dfsboost.obj
c:\users\winmo\documents\github\zbpgprahs\projekt\release\dfsnormal.obj
c:\users\winmo\documents\github\zbpgprahs\projekt\release\dijkstraboost.obj
c:\users\winmo\documents\github\zbpgprahs\projekt\release\dijkstranormal.obj
c:\users\winmo\documents\github\zbpgprahs\projekt\release\exploration.obj
c:\users\winmo\documents\github\zbpgprahs\projekt\release\graph.obj
c:\users\winmo\documents\github\zbpgprahs\projekt\release\johnsonnormal.obj
c:\users\winmo\documents\github\zbpgprahs\projekt\release\floydwarshallboost.obj
c:\users\winmo\documents\github\zbpgprahs\projekt\release\floydwarshallnormal.obj
c:\users\winmo\documents\github\zbpgprahs\projekt\release\johnsonboost.obj
c:\users\winmo\documents\github\zbpgprahs\projekt\release\projekt.tlog\cl.command.1.tlog
c:\users\winmo\documents\github\zbpgprahs\projekt\release\projekt.tlog\cl.read.1.tlog
c:\users\winmo\documents\github\zbpgprahs\projekt\release\projekt.tlog\cl.write.1.tlog
c:\users\winmo\documents\github\zbpgprahs\projekt\release\projekt.tlog\link.command.1.tlog
c:\users\winmo\documents\github\zbpgprahs\projekt\release\projekt.tlog\link.read.1.tlog
c:\users\winmo\documents\github\zbpgprahs\projekt\release\projekt.tlog\link.write.1.tlog
