  BeginExploration.cpp
c:\users\winmo\documents\github\zbpgprahs\projekt\Graph.h(6): fatal error C1083: Cannot open include file: 'boost/graph/adjacency_matrix.hpp': No such file or directory
  BellmanFordBoost.cpp
c:\users\winmo\documents\github\zbpgprahs\projekt\Graph.h(6): fatal error C1083: Cannot open include file: 'boost/graph/adjacency_matrix.hpp': No such file or directory
  BellmanFordNormal.cpp
c:\users\winmo\documents\github\zbpgprahs\projekt\Graph.h(6): fatal error C1083: Cannot open include file: 'boost/graph/adjacency_matrix.hpp': No such file or directory
  BFSboost.cpp
c:\users\winmo\documents\github\zbpgprahs\projekt\Graph.h(6): fatal error C1083: Cannot open include file: 'boost/graph/adjacency_matrix.hpp': No such file or directory
  BFSnormal.cpp
c:\users\winmo\documents\github\zbpgprahs\projekt\Graph.h(6): fatal error C1083: Cannot open include file: 'boost/graph/adjacency_matrix.hpp': No such file or directory
  DataExp.cpp
c:\users\winmo\documents\github\zbpgprahs\projekt\Graph.h(6): fatal error C1083: Cannot open include file: 'boost/graph/adjacency_matrix.hpp': No such file or directory
  DFSboost.cpp
c:\users\winmo\documents\github\zbpgprahs\projekt\Graph.h(6): fatal error C1083: Cannot open include file: 'boost/graph/adjacency_matrix.hpp': No such file or directory
  DFSnormal.cpp
c:\users\winmo\documents\github\zbpgprahs\projekt\Graph.h(6): fatal error C1083: Cannot open include file: 'boost/graph/adjacency_matrix.hpp': No such file or directory
  DijkstraBoost.cpp
c:\users\winmo\documents\github\zbpgprahs\projekt\Graph.h(6): fatal error C1083: Cannot open include file: 'boost/graph/adjacency_matrix.hpp': No such file or directory
  DijkstraNormal.cpp
c:\users\winmo\documents\github\zbpgprahs\projekt\Graph.h(6): fatal error C1083: Cannot open include file: 'boost/graph/adjacency_matrix.hpp': No such file or directory
  Exploration.cpp
c:\users\winmo\documents\github\zbpgprahs\projekt\Graph.h(6): fatal error C1083: Cannot open include file: 'boost/graph/adjacency_matrix.hpp': No such file or directory
  FloydWarshallBoost.cpp
c:\users\winmo\documents\github\zbpgprahs\projekt\Graph.h(6): fatal error C1083: Cannot open include file: 'boost/graph/adjacency_matrix.hpp': No such file or directory
  FloydWarshallNormal.cpp
c:\users\winmo\documents\github\zbpgprahs\projekt\Graph.h(6): fatal error C1083: Cannot open include file: 'boost/graph/adjacency_matrix.hpp': No such file or directory
  Graph.cpp
c:\users\winmo\documents\github\zbpgprahs\projekt\Graph.h(6): fatal error C1083: Cannot open include file: 'boost/graph/adjacency_matrix.hpp': No such file or directory
  JohnsonBoost.cpp
c:\users\winmo\documents\github\zbpgprahs\projekt\Graph.h(6): fatal error C1083: Cannot open include file: 'boost/graph/adjacency_matrix.hpp': No such file or directory
  JohnsonNormal.cpp
c:\users\winmo\documents\github\zbpgprahs\projekt\Graph.h(6): fatal error C1083: Cannot open include file: 'boost/graph/adjacency_matrix.hpp': No such file or directory
  Projekt.cpp
