c:\users\winmo\documents\github\zbpgprahs\projekt\x64\release\vc140.pdb
c:\users\winmo\documents\github\zbpgprahs\projekt\x64\release\projekt.obj
c:\users\winmo\documents\github\zbpgprahs\projekt\x64\release\johnsonnormal.obj
c:\users\winmo\documents\github\zbpgprahs\projekt\x64\release\johnsonboost.obj
c:\users\winmo\documents\github\zbpgprahs\projekt\x64\release\graph.obj
c:\users\winmo\documents\github\zbpgprahs\projekt\x64\release\floydwarshallnormal.obj
c:\users\winmo\documents\github\zbpgprahs\projekt\x64\release\floydwarshallboost.obj
c:\users\winmo\documents\github\zbpgprahs\projekt\x64\release\exploration.obj
c:\users\winmo\documents\github\zbpgprahs\projekt\x64\release\dijkstranormal.obj
c:\users\winmo\documents\github\zbpgprahs\projekt\x64\release\dijkstraboost.obj
c:\users\winmo\documents\github\zbpgprahs\projekt\x64\release\dfsnormal.obj
c:\users\winmo\documents\github\zbpgprahs\projekt\x64\release\dfsboost.obj
c:\users\winmo\documents\github\zbpgprahs\projekt\x64\release\dataexp.obj
c:\users\winmo\documents\github\zbpgprahs\projekt\x64\release\bfsnormal.obj
c:\users\winmo\documents\github\zbpgprahs\projekt\x64\release\bfsboost.obj
c:\users\winmo\documents\github\zbpgprahs\projekt\x64\release\bellmanfordnormal.obj
c:\users\winmo\documents\github\zbpgprahs\projekt\x64\release\bellmanfordboost.obj
c:\users\winmo\documents\github\zbpgprahs\projekt\x64\release\beginexploration.obj
c:\users\winmo\documents\github\zbpgprahs\x64\release\projekt.exe
c:\users\winmo\documents\github\zbpgprahs\x64\release\projekt.ipdb
c:\users\winmo\documents\github\zbpgprahs\x64\release\projekt.iobj
c:\users\winmo\documents\github\zbpgprahs\x64\release\projekt.pdb
c:\users\winmo\documents\github\zbpgprahs\projekt\x64\release\projekt.tlog\cl.command.1.tlog
c:\users\winmo\documents\github\zbpgprahs\projekt\x64\release\projekt.tlog\cl.read.1.tlog
c:\users\winmo\documents\github\zbpgprahs\projekt\x64\release\projekt.tlog\cl.write.1.tlog
c:\users\winmo\documents\github\zbpgprahs\projekt\x64\release\projekt.tlog\link.command.1.tlog
c:\users\winmo\documents\github\zbpgprahs\projekt\x64\release\projekt.tlog\link.read.1.tlog
c:\users\winmo\documents\github\zbpgprahs\projekt\x64\release\projekt.tlog\link.write.1.tlog
