c:\users\winmo\documents\github\zbpgprahs\projekt\win32\debug\vc140.pdb
c:\users\winmo\documents\github\zbpgprahs\projekt\win32\debug\projekt.obj
c:\users\winmo\documents\github\zbpgprahs\projekt\win32\debug\johnsonnormal.obj
c:\users\winmo\documents\github\zbpgprahs\projekt\win32\debug\johnsonboost.obj
c:\users\winmo\documents\github\zbpgprahs\projekt\win32\debug\graph.obj
c:\users\winmo\documents\github\zbpgprahs\projekt\win32\debug\floydwarshallnormal.obj
c:\users\winmo\documents\github\zbpgprahs\projekt\win32\debug\floydwarshallboost.obj
c:\users\winmo\documents\github\zbpgprahs\projekt\win32\debug\exploration.obj
c:\users\winmo\documents\github\zbpgprahs\projekt\win32\debug\dijkstranormal.obj
c:\users\winmo\documents\github\zbpgprahs\projekt\win32\debug\dijkstraboost.obj
c:\users\winmo\documents\github\zbpgprahs\projekt\win32\debug\dfsnormal.obj
c:\users\winmo\documents\github\zbpgprahs\projekt\win32\debug\dfsboost.obj
c:\users\winmo\documents\github\zbpgprahs\projekt\win32\debug\dataexp.obj
c:\users\winmo\documents\github\zbpgprahs\projekt\win32\debug\bfsnormal.obj
c:\users\winmo\documents\github\zbpgprahs\projekt\win32\debug\bfsboost.obj
c:\users\winmo\documents\github\zbpgprahs\projekt\win32\debug\bellmanfordnormal.obj
c:\users\winmo\documents\github\zbpgprahs\projekt\win32\debug\bellmanfordboost.obj
c:\users\winmo\documents\github\zbpgprahs\projekt\win32\debug\beginexploration.obj
c:\users\winmo\documents\github\zbpgprahs\win32\debug\projekt.ilk
c:\users\winmo\documents\github\zbpgprahs\win32\debug\projekt.exe
c:\users\winmo\documents\github\zbpgprahs\win32\debug\projekt.pdb
c:\users\winmo\documents\github\zbpgprahs\projekt\win32\debug\projekt.tlog\cl.command.1.tlog
c:\users\winmo\documents\github\zbpgprahs\projekt\win32\debug\projekt.tlog\cl.read.1.tlog
c:\users\winmo\documents\github\zbpgprahs\projekt\win32\debug\projekt.tlog\cl.write.1.tlog
c:\users\winmo\documents\github\zbpgprahs\projekt\win32\debug\projekt.tlog\link.command.1.tlog
c:\users\winmo\documents\github\zbpgprahs\projekt\win32\debug\projekt.tlog\link.read.1.tlog
c:\users\winmo\documents\github\zbpgprahs\projekt\win32\debug\projekt.tlog\link.write.1.tlog
